<?xml version="1.0" encoding="UTF-8"?>
<testsuite name="org.nikita.rest.InvalidPersonFirstNameTest" tests="1" skipped="1" failures="0" errors="0" timestamp="2025-08-21T09:42:23" hostname="DESKTOP-CB9JCRQ" time="0.0">
  <properties/>
  <testcase name="compareJsonResponseMissingPersonFirstName()" classname="org.nikita.rest.InvalidPersonFirstNameTest" time="0.0">
    <skipped/>
  </testcase>
  <system-out><![CDATA[]]></system-out>
  <system-err><![CDATA[]]></system-err>
</testsuite>
