<?xml version="1.0" encoding="UTF-8"?>
<testsuite name="org.nikita.core.underwriting.TravelUnderwritingIntegrationTest" tests="4" skipped="0" failures="0" errors="0" timestamp="2025-08-21T09:42:17" hostname="DESKTOP-CB9JCRQ" time="0.01">
  <properties/>
  <testcase name="calculateInsuranceCost_ValidRisks_ReturnsSum()" classname="org.nikita.core.underwriting.TravelUnderwritingIntegrationTest" time="0.003"/>
  <testcase name="calculateTripCost_ValidDates_ReturnsCorrectValue()" classname="org.nikita.core.underwriting.TravelUnderwritingIntegrationTest" time="0.001"/>
  <testcase name="calculateRiskPremiums_MatchingCalculators_ReturnsCombinedResults()" classname="org.nikita.core.underwriting.TravelUnderwritingIntegrationTest" time="0.004"/>
  <testcase name="calculateTripCost_NullDates_ReturnsZero()" classname="org.nikita.core.underwriting.TravelUnderwritingIntegrationTest" time="0.001"/>
  <system-out><![CDATA[
  .   ____          _            __ _ _
 /\\ / ___'_ __ _ _(_)_ __  __ _ \ \ \ \
( ( )\___ | '_ | '_| | '_ \/ _` | \ \ \ \
 \\/  ___)| |_)| | | | | || (_| |  ) ) ) )
  '  |____| .__|_| |_|_| |_\__, | / / / /
 =========|_|==============|___/=/_/_/_/
 :: Spring Boot ::                (v3.2.5)

2025-08-21T12:42:17.208+03:00  INFO 1236 --- [    Test worker] .n.c.u.TravelUnderwritingIntegrationTest : Starting TravelUnderwritingIntegrationTest using Java 21.0.5 with PID 1236 (started by User in C:\Users\User\IdeaProjects\Travel-Insurance-Calculator\backend\application_V2\insurance-calculator-app)
2025-08-21T12:42:17.208+03:00  INFO 1236 --- [    Test worker] .n.c.u.TravelUnderwritingIntegrationTest : The following 1 profile is active: "test"
2025-08-21T12:42:17.215+03:00  INFO 1236 --- [    Test worker] .n.c.u.TravelUnderwritingIntegrationTest : Started TravelUnderwritingIntegrationTest in 0.022 seconds (process running for 12.945)
2025-08-21T12:42:17.223+03:00  INFO 1236 --- [    Test worker] o.n.c.u.SelectedRisksPremiumCalculator   : Calculated premiums for selected risks: [RiskDto(riskIc=TRAVEL_MEDICAL, premium=100)]
]]></system-out>
  <system-err><![CDATA[]]></system-err>
</testsuite>
