<?xml version="1.0" encoding="UTF-8"?>
<testsuite name="org.nikita.core.validations.agreement.person.VVerificationTokensTest" tests="3" skipped="0" failures="0" errors="0" timestamp="2025-08-21T09:42:18" hostname="DESKTOP-CB9JCRQ" time="0.003">
  <properties/>
  <testcase name="[1] testCase=org.nikita.core.validations.agreement.person.VVerificationTokensTest$TestCase@47062d1d" classname="org.nikita.core.validations.agreement.person.VVerificationTokensTest" time="0.0"/>
  <testcase name="[2] testCase=org.nikita.core.validations.agreement.person.VVerificationTokensTest$TestCase@55367c8" classname="org.nikita.core.validations.agreement.person.VVerificationTokensTest" time="0.0"/>
  <testcase name="[3] testCase=org.nikita.core.validations.agreement.person.VVerificationTokensTest$TestCase@135b35c0" classname="org.nikita.core.validations.agreement.person.VVerificationTokensTest" time="0.0"/>
  <system-out><![CDATA[]]></system-out>
  <system-err><![CDATA[]]></system-err>
</testsuite>
