<?xml version="1.0" encoding="UTF-8"?>
<testsuite name="org.nikita.core.validations.agreement.country.CountryEntityValidationTest" tests="4" skipped="0" failures="0" errors="0" timestamp="2025-08-21T09:42:18" hostname="DESKTOP-CB9JCRQ" time="0.002">
  <properties/>
  <testcase name="shouldReturnErrorWhenCountriesToVisitIsNull()" classname="org.nikita.core.validations.agreement.country.CountryEntityValidationTest" time="0.001"/>
  <testcase name="shouldReturnErrorWhenCountriesToVisitContainsEmptyString()" classname="org.nikita.core.validations.agreement.country.CountryEntityValidationTest" time="0.0"/>
  <testcase name="shouldReturnErrorWhenCountriesToVisitIsEmpty()" classname="org.nikita.core.validations.agreement.country.CountryEntityValidationTest" time="0.001"/>
  <testcase name="shouldNotReturnErrorWhenCountriesToVisitIsValid()" classname="org.nikita.core.validations.agreement.country.CountryEntityValidationTest" time="0.0"/>
  <system-out><![CDATA[]]></system-out>
  <system-err><![CDATA[]]></system-err>
</testsuite>
