<?xml version="1.0" encoding="UTF-8"?>
<testsuite name="org.nikita.core.validations.registration.PersonLastNameValidationRegistrationTest" tests="6" skipped="0" failures="0" errors="0" timestamp="2025-08-21T09:42:18" hostname="DESKTOP-CB9JCRQ" time="0.006">
  <properties/>
  <testcase name="shouldReturnErrorWhenPersonLastNameHasInvalidCharacters()" classname="org.nikita.core.validations.registration.PersonLastNameValidationRegistrationTest" time="0.002"/>
  <testcase name="shouldReturnErrorWhenPersonLastNameIsLiteralNull()" classname="org.nikita.core.validations.registration.PersonLastNameValidationRegistrationTest" time="0.001"/>
  <testcase name="shouldReturnErrorWhenPersonLastNameIsTooLong()" classname="org.nikita.core.validations.registration.PersonLastNameValidationRegistrationTest" time="0.001"/>
  <testcase name="shouldReturnErrorWhenPersonLastNameIsNull()" classname="org.nikita.core.validations.registration.PersonLastNameValidationRegistrationTest" time="0.001"/>
  <testcase name="shouldNotReturnErrorWhenPersonLastNameIsPresentAndValid()" classname="org.nikita.core.validations.registration.PersonLastNameValidationRegistrationTest" time="0.0"/>
  <testcase name="shouldReturnErrorWhenPersonLastNameIsEmpty()" classname="org.nikita.core.validations.registration.PersonLastNameValidationRegistrationTest" time="0.0"/>
  <system-out><![CDATA[]]></system-out>
  <system-err><![CDATA[]]></system-err>
</testsuite>
