<?xml version="1.0" encoding="UTF-8"?>
<testsuite name="org.nikita.core.util.DateTimeServiceTest" tests="3" skipped="0" failures="0" errors="0" timestamp="2025-08-21T09:42:18" hostname="DESKTOP-CB9JCRQ" time="0.004">
  <properties/>
  <testcase name="shouldDaysBetweenBePositive()" classname="org.nikita.core.util.DateTimeServiceTest" time="0.001"/>
  <testcase name="shouldDaysBetweenBeNegative()" classname="org.nikita.core.util.DateTimeServiceTest" time="0.002"/>
  <testcase name="shouldDaysBetweenBeZero()" classname="org.nikita.core.util.DateTimeServiceTest" time="0.001"/>
  <system-out><![CDATA[Test passed: Days between dates should be positive
Test failed: Days between dates should be negative
Expected days between: -9
Actual days between: 9
Test passed: Days between same dates should be zero
]]></system-out>
  <system-err><![CDATA[]]></system-err>
</testsuite>
