<?xml version="1.0" encoding="UTF-8"?>
<testsuite name="org.nikita.core.validations.registration.VPasswordRegistrationTest" tests="4" skipped="0" failures="0" errors="0" timestamp="2025-08-21T09:42:18" hostname="DESKTOP-CB9JCRQ" time="0.004">
  <properties/>
  <testcase name="[1] testCase=org.nikita.core.validations.registration.VPasswordRegistrationTest$TestCase@13434a33" classname="org.nikita.core.validations.registration.VPasswordRegistrationTest" time="0.0"/>
  <testcase name="[2] testCase=org.nikita.core.validations.registration.VPasswordRegistrationTest$TestCase@d66534c" classname="org.nikita.core.validations.registration.VPasswordRegistrationTest" time="0.0"/>
  <testcase name="[3] testCase=org.nikita.core.validations.registration.VPasswordRegistrationTest$TestCase@5e96ad97" classname="org.nikita.core.validations.registration.VPasswordRegistrationTest" time="0.0"/>
  <testcase name="[4] testCase=org.nikita.core.validations.registration.VPasswordRegistrationTest$TestCase@3cceb3f" classname="org.nikita.core.validations.registration.VPasswordRegistrationTest" time="0.0"/>
  <system-out><![CDATA[]]></system-out>
  <system-err><![CDATA[]]></system-err>
</testsuite>
