<?xml version="1.0" encoding="UTF-8"?>
<testsuite name="org.nikita.core.validations.agreement.date.VAgreementDateFromTest" tests="2" skipped="0" failures="0" errors="0" timestamp="2025-08-21T09:42:18" hostname="DESKTOP-CB9JCRQ" time="0.002">
  <properties/>
  <testcase name="shouldNotReturnErrorWhenDateFromExists()" classname="org.nikita.core.validations.agreement.date.VAgreementDateFromTest" time="0.001"/>
  <testcase name="shouldReturnErrorWhenDateFromIsNull()" classname="org.nikita.core.validations.agreement.date.VAgreementDateFromTest" time="0.001"/>
  <system-out><![CDATA[2025-08-21T12:42:18.141+03:00  INFO 1236 --- [    Test worker] o.n.c.v.a.date.VAgreementDateFrom        : Validate agreementDateFrom
2025-08-21T12:42:18.141+03:00  INFO 1236 --- [    Test worker] o.n.c.v.a.date.VAgreementDateFrom        : AgreementDateFrom is 2025-08-21T12:42:18.141266900
2025-08-21T12:42:18.142+03:00  INFO 1236 --- [    Test worker] o.n.c.v.a.date.VAgreementDateFrom        : Validate agreementDateFrom
2025-08-21T12:42:18.142+03:00  INFO 1236 --- [    Test worker] o.n.c.v.a.date.VAgreementDateFrom        : AgreementDateFrom is null
]]></system-out>
  <system-err><![CDATA[]]></system-err>
</testsuite>
