<?xml version="1.0" encoding="UTF-8"?>
<testsuite name="org.nikita.core.underwriting.calcs.medical.TravelMedicalRiskPremiumCalculatorTest" tests="1" skipped="0" failures="0" errors="0" timestamp="2025-08-21T09:42:17" hostname="DESKTOP-CB9JCRQ" time="0.126">
  <properties/>
  <testcase name="testMedicalRiskPremiumCalculator()" classname="org.nikita.core.underwriting.calcs.medical.TravelMedicalRiskPremiumCalculatorTest" time="0.126"/>
  <system-out><![CDATA[]]></system-out>
  <system-err><![CDATA[]]></system-err>
</testsuite>
