<?xml version="1.0" encoding="UTF-8"?>
<testsuite name="org.nikita.core.validations.registration.PersonFirstNameValidationRegistrationTest" tests="5" skipped="0" failures="0" errors="0" timestamp="2025-08-21T09:42:18" hostname="DESKTOP-CB9JCRQ" time="0.004">
  <properties/>
  <testcase name="shouldReturnErrorWhenFirstNameIsNull()" classname="org.nikita.core.validations.registration.PersonFirstNameValidationRegistrationTest" time="0.0"/>
  <testcase name="shouldReturnErrorWhenFirstNameIsEmpty()" classname="org.nikita.core.validations.registration.PersonFirstNameValidationRegistrationTest" time="0.001"/>
  <testcase name="shouldReturnErrorWhenFirstNameIsTooLong()" classname="org.nikita.core.validations.registration.PersonFirstNameValidationRegistrationTest" time="0.001"/>
  <testcase name="shouldReturnErrorWhenFirstNameHasInvalidCharacters()" classname="org.nikita.core.validations.registration.PersonFirstNameValidationRegistrationTest" time="0.001"/>
  <testcase name="shouldNotReturnErrorWhenFirstNameIsValid()" classname="org.nikita.core.validations.registration.PersonFirstNameValidationRegistrationTest" time="0.0"/>
  <system-out><![CDATA[]]></system-out>
  <system-err><![CDATA[]]></system-err>
</testsuite>
