<?xml version="1.0" encoding="UTF-8"?>
<testsuite name="org.nikita.core.underwriting.calcs.baggageLoss.TravelBaggageLossRiskPremiumCalculatorTest" tests="1" skipped="0" failures="0" errors="0" timestamp="2025-08-21T09:42:17" hostname="DESKTOP-CB9JCRQ" time="0.114">
  <properties/>
  <testcase name="testBaggageLossRiskPremiumCalculator()" classname="org.nikita.core.underwriting.calcs.baggageLoss.TravelBaggageLossRiskPremiumCalculatorTest" time="0.114"/>
  <system-out><![CDATA[]]></system-out>
  <system-err><![CDATA[]]></system-err>
</testsuite>
